生成启动时间为 2017/10/11 19:54:30。
     1>项目“C:\Users\lz\Desktop\Data structure code\Data-structure-code\Sqlist\sqlist\sqlist\sqlist.vcxproj”在节点 2 上(Rebuild 个目标)。
     1>ClCompile:
         D:\2_tmp\Microsoft Visual Studio 12.0\VC\bin\CL.exe /c /ZI /nologo /W3 /WX- /sdl /Od /Oy- /D _MBCS /Gm /EHsc /RTC1 /MDd /GS /fp:precise /Zc:wchar_t /Zc:forScope /Fo"Debug\\" /Fd"Debug\vc120.pdb" /Gd /TC /analyze- /errorReport:prompt main.c sqlist.c
         sqlist.c
     1>c:\users\lz\desktop\data structure code\data-structure-code\sqlist\sqlist\sqlist\sqlist.c(15): warning C4013: “malloc”未定义；假设外部返回 int
     1>c:\users\lz\desktop\data structure code\data-structure-code\sqlist\sqlist\sqlist\sqlist.c(17): warning C4013: “exit”未定义；假设外部返回 int
     1>c:\users\lz\desktop\data structure code\data-structure-code\sqlist\sqlist\sqlist\sqlist.c(49): warning C4013: “realloc”未定义；假设外部返回 int
         main.c
     1>c:\users\lz\desktop\data structure code\data-structure-code\sqlist\sqlist\sqlist\main.c(19): warning C4013: “malloc”未定义；假设外部返回 int
     1>c:\users\lz\desktop\data structure code\data-structure-code\sqlist\sqlist\sqlist\main.c(64): warning C4013: “free”未定义；假设外部返回 int
     1>c:\users\lz\desktop\data structure code\data-structure-code\sqlist\sqlist\sqlist\main.c(69): warning C4013: “system”未定义；假设外部返回 int
         正在生成代码...
       Link:
         D:\2_tmp\Microsoft Visual Studio 12.0\VC\bin\link.exe /ERRORREPORT:PROMPT /OUT:"C:\Users\lz\Desktop\Data structure code\Data-structure-code\Sqlist\sqlist\Debug\sqlist.exe" /INCREMENTAL /NOLOGO kernel32.lib user32.lib gdi32.lib winspool.lib comdlg32.lib advapi32.lib shell32.lib ole32.lib oleaut32.lib uuid.lib odbc32.lib odbccp32.lib /MANIFEST /MANIFESTUAC:"level='asInvoker' uiAccess='false'" /manifest:embed /DEBUG /PDB:"C:\Users\lz\Desktop\Data structure code\Data-structure-code\Sqlist\sqlist\Debug\sqlist.pdb" /TLBID:1 /DYNAMICBASE /NXCOMPAT /IMPLIB:"C:\Users\lz\Desktop\Data structure code\Data-structure-code\Sqlist\sqlist\Debug\sqlist.lib" /MACHINE:X86 Debug\main.obj
         Debug\sqlist.obj
         sqlist.vcxproj -> C:\Users\lz\Desktop\Data structure code\Data-structure-code\Sqlist\sqlist\Debug\sqlist.exe
     1>已完成生成项目“C:\Users\lz\Desktop\Data structure code\Data-structure-code\Sqlist\sqlist\sqlist\sqlist.vcxproj”(Rebuild 个目标)的操作。

生成成功。

已用时间 00:00:00.34
