生成启动时间为 2017/10/12 17:01:51。
     1>项目“C:\Users\lz\Desktop\Data structure code\Data-structure-code\LinkList\LinkList\LinkList.vcxproj”在节点 2 上(Rebuild 个目标)。
     1>ClCompile:
         D:\2_tmp\Microsoft Visual Studio 12.0\VC\bin\CL.exe /c /ZI /nologo /W3 /WX- /sdl /Od /Oy- /D _MBCS /Gm /EHsc /RTC1 /MDd /GS /fp:precise /Zc:wchar_t /Zc:forScope /Fo"Debug\\" /Fd"Debug\vc120.pdb" /Gd /TC /analyze- /errorReport:prompt Linklist.c main.c
         main.c
     1>c:\users\lz\desktop\data structure code\data-structure-code\linklist\linklist\main.c(34): warning C4020: “ElemLocatebyVal”: 实参太多
     1>c:\users\lz\desktop\data structure code\data-structure-code\linklist\linklist\main.c(68): warning C4013: “free”未定义；假设外部返回 int
     1>c:\users\lz\desktop\data structure code\data-structure-code\linklist\linklist\main.c(71): warning C4013: “system”未定义；假设外部返回 int
         Linklist.c
     1>c:\users\lz\desktop\data structure code\data-structure-code\linklist\linklist\linklist.c(20): warning C4013: “malloc”未定义；假设外部返回 int
     1>c:\users\lz\desktop\data structure code\data-structure-code\linklist\linklist\linklist.c(63): warning C4029: 声明的形参表不同于定义
     1>c:\users\lz\desktop\data structure code\data-structure-code\linklist\linklist\linklist.c(95): warning C4098: “linkListInsert”:“void”函数返回值
     1>c:\users\lz\desktop\data structure code\data-structure-code\linklist\linklist\linklist.c(115): warning C4098: “linkListDelete”:“void”函数返回值
     1>c:\users\lz\desktop\data structure code\data-structure-code\linklist\linklist\linklist.c(120): warning C4013: “free”未定义；假设外部返回 int
         正在生成代码...
       Link:
         D:\2_tmp\Microsoft Visual Studio 12.0\VC\bin\link.exe /ERRORREPORT:PROMPT /OUT:"C:\Users\lz\Desktop\Data structure code\Data-structure-code\LinkList\Debug\LinkList.exe" /INCREMENTAL /NOLOGO kernel32.lib user32.lib gdi32.lib winspool.lib comdlg32.lib advapi32.lib shell32.lib ole32.lib oleaut32.lib uuid.lib odbc32.lib odbccp32.lib /MANIFEST /MANIFESTUAC:"level='asInvoker' uiAccess='false'" /manifest:embed /DEBUG /PDB:"C:\Users\lz\Desktop\Data structure code\Data-structure-code\LinkList\Debug\LinkList.pdb" /TLBID:1 /DYNAMICBASE /NXCOMPAT /IMPLIB:"C:\Users\lz\Desktop\Data structure code\Data-structure-code\LinkList\Debug\LinkList.lib" /MACHINE:X86 Debug\Linklist.obj
         Debug\main.obj
         LinkList.vcxproj -> C:\Users\lz\Desktop\Data structure code\Data-structure-code\LinkList\Debug\LinkList.exe
     1>已完成生成项目“C:\Users\lz\Desktop\Data structure code\Data-structure-code\LinkList\LinkList\LinkList.vcxproj”(Rebuild 个目标)的操作。

生成成功。

已用时间 00:00:00.29
